<?xml version="1.0" encoding="UTF-8"?>
<testng-results ignored="0" total="1" passed="1" failed="0" skipped="0">
  <reporter-output>
  </reporter-output>
  <suite started-at="2023-01-09T17:42:37 IST" name="Default suite" finished-at="2023-01-09T17:43:18 IST" duration-ms="41246">
    <groups>
    </groups>
    <test started-at="2023-01-09T17:42:37 IST" name="Default test" finished-at="2023-01-09T17:43:18 IST" duration-ms="41246">
      <class name="com.qa.ECommerce_tc_2">
        <test-method is-config="true" signature="ConfigureAppium()[pri:0, instance:com.qa.ECommerce_tc_2@2e8c1c9b]" started-at="2023-01-09T17:42:37 IST" name="ConfigureAppium" finished-at="2023-01-09T17:42:49 IST" duration-ms="12000" status="PASS">
          <reporter-output>
          </reporter-output>
        </test-method> <!-- ConfigureAppium -->
        <test-method signature="addToCart()[pri:0, instance:com.qa.ECommerce_tc_2@2e8c1c9b]" started-at="2023-01-09T17:42:49 IST" name="addToCart" finished-at="2023-01-09T17:43:17 IST" duration-ms="27879" status="PASS">
          <reporter-output>
          </reporter-output>
        </test-method> <!-- addToCart -->
        <test-method is-config="true" signature="tearDown()[pri:0, instance:com.qa.ECommerce_tc_2@2e8c1c9b]" started-at="2023-01-09T17:43:17 IST" name="tearDown" finished-at="2023-01-09T17:43:18 IST" duration-ms="1228" status="PASS">
          <reporter-output>
          </reporter-output>
        </test-method> <!-- tearDown -->
      </class> <!-- com.qa.ECommerce_tc_2 -->
    </test> <!-- Default test -->
  </suite> <!-- Default suite -->
</testng-results>
